<?xml version="1.0" encoding="UTF-8"?>
<testng-results ignored="0" total="1" passed="1" failed="0" skipped="0">
  <reporter-output>
  </reporter-output>
  <suite started-at="2024-11-25T14:55:25 EST" name="Suite" finished-at="2024-11-25T14:55:45 EST" duration-ms="20150">
    <groups>
      <group name="cucumber">
        <method signature="AbstractTestNGCucumberTests.runScenario(io.cucumber.testng.PickleWrapper,io.cucumber.testng.FeatureWrapper)[pri:0, instance:testRunner.TestRunner@3cce57c7]" name="runScenario" class="io.cucumber.testng.AbstractTestNGCucumberTests"/>
      </group> <!-- cucumber -->
    </groups>
    <test started-at="2024-11-25T14:55:25 EST" name="Regression Tests" finished-at="2024-11-25T14:55:45 EST" duration-ms="20150">
      <class name="testRunner.TestRunner">
        <test-method is-config="true" signature="setUpClass(org.testng.ITestContext)[pri:0, instance:testRunner.TestRunner@3cce57c7]" started-at="2024-11-25T14:55:25 EST" name="setUpClass" finished-at="2024-11-25T14:55:26 EST" duration-ms="856" status="PASS">
          <params>
            <param index="0">
              <value>
                <![CDATA[org.testng.TestRunner@1f11f64e]]>
              </value>
            </param>
          </params>
          <reporter-output>
          </reporter-output>
        </test-method> <!-- setUpClass -->
        <test-method signature="runScenario(io.cucumber.testng.PickleWrapper,io.cucumber.testng.FeatureWrapper)[pri:0, instance:testRunner.TestRunner@3cce57c7]" started-at="2024-11-25T14:55:26 EST" name="runScenario" description="Runs Cucumber Scenarios" data-provider="scenarios" finished-at="2024-11-25T14:55:45 EST" duration-ms="19075" status="PASS">
          <params>
            <param index="0">
              <value>
                <![CDATA["Login Page Test"]]>
              </value>
            </param>
            <param index="1">
              <value>
                <![CDATA["Login Page Test Feature"]]>
              </value>
            </param>
          </params>
          <reporter-output>
          </reporter-output>
        </test-method> <!-- runScenario -->
        <test-method is-config="true" signature="tearDownClass()[pri:0, instance:testRunner.TestRunner@3cce57c7]" started-at="2024-11-25T14:55:45 EST" name="tearDownClass" finished-at="2024-11-25T14:55:45 EST" duration-ms="143" status="PASS">
          <reporter-output>
          </reporter-output>
        </test-method> <!-- tearDownClass -->
      </class> <!-- testRunner.TestRunner -->
    </test> <!-- Regression Tests -->
  </suite> <!-- Suite -->
</testng-results>
